{
  "RSpec": {
    "coverage": {
      "/Users/kevincoleman/Desktop/programs/sites/concentration/spec/models/game_spec.rb": [
        1,
        null,
        1,
        2,
        2,
        2,
        2,
        1,
        1,
        null,
        null,
        1,
        7,
        7,
        null,
        1,
        3,
        1,
        1,
        1,
        null,
        null,
        null,
        1,
        1,
        1,
        null,
        null,
        null,
        null,
        1,
        3,
        3,
        1,
        1,
        1,
        null,
        null,
        null,
        1,
        1,
        1,
        null,
        null,
        null,
        null,
        1,
        3,
        1,
        2,
        2,
        null,
        1,
        1,
        1,
        null,
        null,
        null,
        1,
        1,
        1,
        null,
        null,
        null,
        null,
        null,
        1,
        3,
        3,
        1,
        1,
        1,
        null,
        null,
        1,
        1,
        null,
        null,
        null,
        1,
        4,
        4,
        4,
        4,
        1,
        1,
        null,
        null,
        1,
        1,
        null,
        null,
        1,
        1,
        null,
        null,
        null,
        null
      ],
      "/Users/kevincoleman/Desktop/programs/sites/concentration/spec/rails_helper.rb": [
        1,
        null,
        1,
        1,
        null,
        1,
        1,
        1,
        null,
        null,
        null,
        null,
        null,
        null,
        null,
        null,
        null,
        null,
        null,
        null,
        null,
        null,
        null,
        null,
        null,
        null,
        null,
        1,
        null,
        1,
        1,
        1,
        1,
        null,
        null,
        null,
        3,
        null,
        1,
        1,
        1,
        null,
        null,
        null,
        null,
        null,
        1,
        null,
        1,
        1,
        null,
        null,
        1,
        16,
        null,
        null,
        1,
        0,
        null,
        null,
        1,
        16,
        null,
        null,
        1,
        16,
        null,
        null,
        null,
        null,
        null,
        null,
        null,
        null,
        null,
        null,
        null,
        null,
        null,
        null,
        null,
        1,
        null,
        null,
        1,
        null,
        null,
        null
      ],
      "/Users/kevincoleman/Desktop/programs/sites/concentration/spec/support/blueprints.rb": [
        1,
        null,
        null,
        null,
        null,
        null,
        null,
        null,
        null,
        null,
        1,
        36,
        36,
        36,
        null,
        null,
        1,
        12,
        null,
        null,
        1,
        0,
        0,
        0,
        null,
        null,
        1,
        null,
        null
      ],
      "/Users/kevincoleman/Desktop/programs/sites/concentration/app/models/game.rb": [
        1,
        1,
        1,
        1,
        1,
        1,
        null,
        null,
        null,
        1,
        1,
        1,
        1,
        1,
        null,
        null,
        1,
        1,
        1,
        null,
        1,
        5,
        5,
        5,
        null,
        null,
        1,
        16,
        16,
        null,
        null,
        1,
        3,
        null,
        null,
        1,
        3,
        null,
        null,
        1,
        3,
        3,
        3,
        null,
        null
      ],
      "/Users/kevincoleman/Desktop/programs/sites/concentration/app/models/game_player.rb": [
        1,
        1,
        1,
        1,
        1,
        1,
        1,
        1,
        null
      ],
      "/Users/kevincoleman/Desktop/programs/sites/concentration/app/models/game_card.rb": [
        1,
        1,
        1,
        1,
        null,
        1,
        7884,
        null,
        null,
        1,
        39,
        null,
        null,
        1,
        36,
        108,
        null,
        null,
        1,
        72,
        0,
        null,
        null,
        null
      ],
      "/Users/kevincoleman/Desktop/programs/sites/concentration/spec/support/controller_helpers.rb": [
        1,
        0,
        0,
        0,
        null
      ]
    },
    "timestamp": 1479616133
  }
}
